Mar-26 14:12:32.557 [main] DEBUG nextflow.cli.Launcher - $> nextflow run nextflow/download_ref.nf
Mar-26 14:12:32.649 [main] INFO  nextflow.cli.CmdRun - N E X T F L O W  ~  version 19.10.0
Mar-26 14:12:32.662 [main] INFO  nextflow.cli.CmdRun - Launching `nextflow/download_ref.nf` [admiring_sanger] - revision: ca3a0274e7
Mar-26 14:12:32.682 [main] DEBUG nextflow.config.ConfigBuilder - Found config home: /home/barry/.nextflow/config
Mar-26 14:12:32.683 [main] DEBUG nextflow.config.ConfigBuilder - Parsing config file: /home/barry/.nextflow/config
Mar-26 14:12:32.720 [main] DEBUG nextflow.config.ConfigBuilder - Applying config profile: `standard`
Mar-26 14:12:33.161 [main] DEBUG nextflow.extension.OperatorEx - Dataflow extension methods: branch,buffer,chain,choice,collate,collect,collectFile,combine,concat,count,countBy,countFasta,countFastq,countLines,countText,cross,distinct,filter,first,flatMap,flatten,fork,groupBy,groupTuple,ifEmpty,into,join,last,map,max,mean,merge,min,mix,phase,print,println,randomSample,reduce,separate,set,splitCsv,splitFasta,splitFastq,splitText,spread,subscribe,sum,take,tap,toDouble,toFloat,toInteger,toList,toLong,toSortedList,transpose,unique,until,view
Mar-26 14:12:33.168 [main] DEBUG nextflow.Session - Session uuid: 789824b0-00d7-4a82-b263-0297b85e0bbb
Mar-26 14:12:33.168 [main] DEBUG nextflow.Session - Run name: admiring_sanger
Mar-26 14:12:33.169 [main] DEBUG nextflow.Session - Executor pool size: 8
Mar-26 14:12:33.207 [main] DEBUG nextflow.cli.CmdRun - 
  Version: 19.10.0 build 5170
  Created: 21-10-2019 15:07 UTC (16:07 BST)
  System: Linux 5.3.0-42-generic
  Runtime: Groovy 2.5.8 on OpenJDK 64-Bit Server VM 11.0.6+10-post-Ubuntu-1ubuntu118.04.1
  Encoding: UTF-8 (UTF-8)
  Process: 913@NUIG [127.0.1.1]
  CPUs: 8 - Mem: 31.2 GB (13.4 GB) - Swap: 2 GB (1.8 GB)
Mar-26 14:12:33.232 [main] DEBUG nextflow.Session - Work-dir: /home/barry/Desktop/circTCGA/work [ext2/ext3]
Mar-26 14:12:33.232 [main] DEBUG nextflow.Session - Script base path does not exist or is not a directory: /home/barry/Desktop/circTCGA/nextflow/bin
Mar-26 14:12:33.250 [main] DEBUG nextflow.Session - Observer factory: TowerFactory
Mar-26 14:12:33.252 [main] DEBUG nextflow.Session - Observer factory: DefaultObserverFactory
Mar-26 14:12:33.408 [main] DEBUG nextflow.Session - Session start invoked
Mar-26 14:12:33.560 [main] DEBUG nextflow.script.ScriptRunner - > Launching execution
Mar-26 14:12:33.645 [main] DEBUG nextflow.executor.ExecutorFactory - << taskConfig executor: null
Mar-26 14:12:33.646 [main] DEBUG nextflow.executor.ExecutorFactory - >> processorType: 'local'
Mar-26 14:12:33.651 [main] DEBUG nextflow.executor.Executor - [warm up] executor > local
Mar-26 14:12:33.656 [main] DEBUG n.processor.LocalPollingMonitor - Creating local task monitor for executor 'local' > cpus=8; memory=31.2 GB; capacity=8; pollInterval=100ms; dumpInterval=5m
Mar-26 14:12:33.729 [main] DEBUG nextflow.processor.TaskProcessor - Creating operator > ucsc_dl -- maxForks: 8
Mar-26 14:12:33.762 [main] DEBUG nextflow.executor.ExecutorFactory - << taskConfig executor: null
Mar-26 14:12:33.762 [main] DEBUG nextflow.executor.ExecutorFactory - >> processorType: 'local'
Mar-26 14:12:33.762 [main] DEBUG nextflow.processor.TaskProcessor - Creating operator > gencode_dl -- maxForks: 8
Mar-26 14:12:33.768 [main] DEBUG nextflow.executor.ExecutorFactory - << taskConfig executor: null
Mar-26 14:12:33.769 [main] DEBUG nextflow.executor.ExecutorFactory - >> processorType: 'local'
Mar-26 14:12:33.770 [main] DEBUG nextflow.processor.TaskProcessor - Creating operator > circexp_dl -- maxForks: 8
Mar-26 14:12:33.774 [main] DEBUG nextflow.script.BaseScript - No entry workflow defined
Mar-26 14:12:33.775 [main] DEBUG nextflow.script.ScriptRunner - > Await termination 
Mar-26 14:12:33.776 [main] DEBUG nextflow.Session - Session await
Mar-26 14:12:33.874 [Actor Thread 10] INFO  nextflow.conda.CondaCache - Creating Conda env: circexplorer2 [cache /home/barry/Desktop/circTCGA/work/conda/env-8ebbce5246db2db62e682fb582439918]
Mar-26 14:12:33.957 [Task submitter] DEBUG nextflow.executor.LocalTaskHandler - Launch cmd line: /bin/bash -ue .command.run
Mar-26 14:12:33.962 [Task submitter] INFO  nextflow.Session - [dc/dc6c7c] Submitted process > ucsc_dl
Mar-26 14:12:33.969 [Task submitter] DEBUG nextflow.executor.LocalTaskHandler - Launch cmd line: /bin/bash -ue .command.run
Mar-26 14:12:33.971 [Task submitter] INFO  nextflow.Session - [ff/aa0c12] Submitted process > gencode_dl
Mar-26 14:12:37.630 [Actor Thread 9] ERROR nextflow.processor.TaskProcessor - Error executing process > 'circexp_dl'

Caused by:
  Failed to create Conda environment
  command: conda create --mkdir --yes --quiet --prefix /home/barry/Desktop/circTCGA/work/conda/env-8ebbce5246db2db62e682fb582439918 circexplorer2
  status : 1
  message:
    PackagesNotFoundError: The following packages are not available from current channels:
    
      - circexplorer2
    
    Current channels:
    
      - https://repo.anaconda.com/pkgs/main/linux-64
      - https://repo.anaconda.com/pkgs/main/noarch
      - https://repo.anaconda.com/pkgs/r/linux-64
      - https://repo.anaconda.com/pkgs/r/noarch
    
    To search for alternate channels that may provide the conda package you're
    looking for, navigate to
    
        https://anaconda.org
    
    and use the search bar at the top of the page.


java.lang.IllegalStateException: java.lang.IllegalStateException: Failed to create Conda environment
  command: conda create --mkdir --yes --quiet --prefix /home/barry/Desktop/circTCGA/work/conda/env-8ebbce5246db2db62e682fb582439918 circexplorer2
  status : 1
  message:
    PackagesNotFoundError: The following packages are not available from current channels:
    
      - circexplorer2
    
    Current channels:
    
      - https://repo.anaconda.com/pkgs/main/linux-64
      - https://repo.anaconda.com/pkgs/main/noarch
      - https://repo.anaconda.com/pkgs/r/linux-64
      - https://repo.anaconda.com/pkgs/r/noarch
    
    To search for alternate channels that may provide the conda package you're
    looking for, navigate to
    
        https://anaconda.org
    
    and use the search bar at the top of the page.

	at nextflow.conda.CondaCache.getCachePathFor(CondaCache.groovy:333)
	at java.base/jdk.internal.reflect.NativeMethodAccessorImpl.invoke0(Native Method)
	at java.base/jdk.internal.reflect.NativeMethodAccessorImpl.invoke(NativeMethodAccessorImpl.java:62)
	at java.base/jdk.internal.reflect.DelegatingMethodAccessorImpl.invoke(DelegatingMethodAccessorImpl.java:43)
	at java.base/java.lang.reflect.Method.invoke(Method.java:566)
	at org.codehaus.groovy.runtime.callsite.PlainObjectMetaMethodSite.doInvoke(PlainObjectMetaMethodSite.java:43)
	at org.codehaus.groovy.runtime.callsite.PogoMetaMethodSite$PogoCachedMethodSite.invoke(PogoMetaMethodSite.java:167)
	at org.codehaus.groovy.runtime.callsite.PogoMetaMethodSite.call(PogoMetaMethodSite.java:70)
	at org.codehaus.groovy.runtime.callsite.CallSiteArray.defaultCall(CallSiteArray.java:47)
	at org.codehaus.groovy.runtime.callsite.AbstractCallSite.call(AbstractCallSite.java:115)
	at org.codehaus.groovy.runtime.callsite.AbstractCallSite.call(AbstractCallSite.java:127)
	at nextflow.processor.TaskRun.memoizedMethodPriv$getCondaEnv(TaskRun.groovy:556)
	at java.base/jdk.internal.reflect.NativeMethodAccessorImpl.invoke0(Native Method)
	at java.base/jdk.internal.reflect.NativeMethodAccessorImpl.invoke(NativeMethodAccessorImpl.java:62)
	at java.base/jdk.internal.reflect.DelegatingMethodAccessorImpl.invoke(DelegatingMethodAccessorImpl.java:43)
	at java.base/java.lang.reflect.Method.invoke(Method.java:566)
	at org.codehaus.groovy.reflection.CachedMethod.invoke(CachedMethod.java:101)
	at groovy.lang.MetaMethod.doMethodInvoke(MetaMethod.java:323)
	at org.codehaus.groovy.runtime.metaclass.ClosureMetaClass.invokeMethod(ClosureMetaClass.java:351)
	at org.codehaus.groovy.runtime.callsite.PogoMetaClassSite.callCurrent(PogoMetaClassSite.java:64)
	at org.codehaus.groovy.runtime.callsite.CallSiteArray.defaultCallCurrent(CallSiteArray.java:51)
	at org.codehaus.groovy.runtime.callsite.AbstractCallSite.callCurrent(AbstractCallSite.java:156)
	at org.codehaus.groovy.runtime.callsite.AbstractCallSite.callCurrent(AbstractCallSite.java:160)
	at nextflow.processor.TaskRun$_closure2.doCall(TaskRun.groovy)
	at nextflow.processor.TaskRun$_closure2.doCall(TaskRun.groovy)
	at java.base/jdk.internal.reflect.NativeMethodAccessorImpl.invoke0(Native Method)
	at java.base/jdk.internal.reflect.NativeMethodAccessorImpl.invoke(NativeMethodAccessorImpl.java:62)
	at java.base/jdk.internal.reflect.DelegatingMethodAccessorImpl.invoke(DelegatingMethodAccessorImpl.java:43)
	at java.base/java.lang.reflect.Method.invoke(Method.java:566)
	at org.codehaus.groovy.reflection.CachedMethod.invoke(CachedMethod.java:101)
	at groovy.lang.MetaMethod.doMethodInvoke(MetaMethod.java:323)
	at org.codehaus.groovy.runtime.metaclass.ClosureMetaClass.invokeMethod(ClosureMetaClass.java:263)
	at groovy.lang.MetaClassImpl.invokeMethod(MetaClassImpl.java:1041)
	at groovy.lang.Closure.call(Closure.java:405)
	at org.codehaus.groovy.runtime.memoize.Memoize$MemoizeFunction$1.provide(Memoize.java:139)
	at org.codehaus.groovy.runtime.memoize.ConcurrentCommonCache.getAndPut(ConcurrentCommonCache.java:147)
	at org.codehaus.groovy.runtime.memoize.ConcurrentCommonCache.getAndPut(ConcurrentCommonCache.java:123)
	at org.codehaus.groovy.runtime.memoize.Memoize$MemoizeFunction.call(Memoize.java:136)
	at groovy.lang.Closure.call(Closure.java:399)
	at java_util_concurrent_Callable$call.call(Unknown Source)
	at org.codehaus.groovy.runtime.callsite.CallSiteArray.defaultCall(CallSiteArray.java:47)
	at org.codehaus.groovy.runtime.callsite.AbstractCallSite.call(AbstractCallSite.java:115)
	at org.codehaus.groovy.runtime.callsite.AbstractCallSite.call(AbstractCallSite.java:119)
	at nextflow.processor.TaskRun.getCondaEnv(TaskRun.groovy)
	at nextflow.processor.TaskRun$getCondaEnv$12.call(Unknown Source)
	at org.codehaus.groovy.runtime.callsite.CallSiteArray.defaultCall(CallSiteArray.java:47)
	at org.codehaus.groovy.runtime.callsite.AbstractCallSite.call(AbstractCallSite.java:115)
	at org.codehaus.groovy.runtime.callsite.AbstractCallSite.call(AbstractCallSite.java:119)
	at nextflow.processor.TaskProcessor.createTaskHashKey(TaskProcessor.groovy:1896)
	at java.base/jdk.internal.reflect.NativeMethodAccessorImpl.invoke0(Native Method)
	at java.base/jdk.internal.reflect.NativeMethodAccessorImpl.invoke(NativeMethodAccessorImpl.java:62)
	at java.base/jdk.internal.reflect.DelegatingMethodAccessorImpl.invoke(DelegatingMethodAccessorImpl.java:43)
	at java.base/java.lang.reflect.Method.invoke(Method.java:566)
	at org.codehaus.groovy.runtime.callsite.PlainObjectMetaMethodSite.doInvoke(PlainObjectMetaMethodSite.java:43)
	at org.codehaus.groovy.runtime.callsite.PogoMetaMethodSite$PogoCachedMethodSiteNoUnwrapNoCoerce.invoke(PogoMetaMethodSite.java:190)
	at org.codehaus.groovy.runtime.callsite.PogoMetaMethodSite.callCurrent(PogoMetaMethodSite.java:58)
	at org.codehaus.groovy.runtime.callsite.AbstractCallSite.callCurrent(AbstractCallSite.java:168)
	at nextflow.processor.TaskProcessor.invokeTask(TaskProcessor.groovy:552)
	at nextflow.processor.InvokeTaskAdapter.call(InvokeTaskAdapter.groovy:58)
	at groovyx.gpars.dataflow.operator.DataflowOperatorActor.startTask(DataflowOperatorActor.java:120)
	at groovyx.gpars.dataflow.operator.ForkingDataflowOperatorActor.access$001(ForkingDataflowOperatorActor.java:35)
	at groovyx.gpars.dataflow.operator.ForkingDataflowOperatorActor$1.run(ForkingDataflowOperatorActor.java:58)
	at java.base/java.util.concurrent.ThreadPoolExecutor.runWorker(ThreadPoolExecutor.java:1128)
	at java.base/java.util.concurrent.ThreadPoolExecutor$Worker.run(ThreadPoolExecutor.java:628)
	at java.base/java.lang.Thread.run(Thread.java:834)
Caused by: java.lang.IllegalStateException: Failed to create Conda environment
  command: conda create --mkdir --yes --quiet --prefix /home/barry/Desktop/circTCGA/work/conda/env-8ebbce5246db2db62e682fb582439918 circexplorer2
  status : 1
  message:
    PackagesNotFoundError: The following packages are not available from current channels:
    
      - circexplorer2
    
    Current channels:
    
      - https://repo.anaconda.com/pkgs/main/linux-64
      - https://repo.anaconda.com/pkgs/main/noarch
      - https://repo.anaconda.com/pkgs/r/linux-64
      - https://repo.anaconda.com/pkgs/r/noarch
    
    To search for alternate channels that may provide the conda package you're
    looking for, navigate to
    
        https://anaconda.org
    
    and use the search bar at the top of the page.

	at nextflow.conda.CondaCache.runCommand(CondaCache.groovy:283)
	at nextflow.conda.CondaCache.createLocalCondaEnv0(CondaCache.groovy:255)
	at java.base/jdk.internal.reflect.NativeMethodAccessorImpl.invoke0(Native Method)
	at java.base/jdk.internal.reflect.NativeMethodAccessorImpl.invoke(NativeMethodAccessorImpl.java:62)
	at java.base/jdk.internal.reflect.DelegatingMethodAccessorImpl.invoke(DelegatingMethodAccessorImpl.java:43)
	at java.base/java.lang.reflect.Method.invoke(Method.java:566)
	at org.codehaus.groovy.reflection.CachedMethod.invoke(CachedMethod.java:101)
	at groovy.lang.MetaMethod.doMethodInvoke(MetaMethod.java:323)
	at groovy.lang.MetaClassImpl.invokeMethod(MetaClassImpl.java:1217)
	at groovy.lang.MetaClassImpl.invokeMethod(MetaClassImpl.java:1041)
	at org.codehaus.groovy.runtime.InvokerHelper.invokePogoMethod(InvokerHelper.java:1011)
	at org.codehaus.groovy.runtime.InvokerHelper.invokeMethod(InvokerHelper.java:994)
	at org.codehaus.groovy.runtime.InvokerHelper.invokeMethodSafe(InvokerHelper.java:97)
	at nextflow.conda.CondaCache$_createLocalCondaEnv_closure1.doCall(CondaCache.groovy:219)
	at nextflow.conda.CondaCache$_createLocalCondaEnv_closure1.call(CondaCache.groovy)
	at nextflow.file.FileMutex.lock(FileMutex.groovy:108)
	at nextflow.conda.CondaCache.createLocalCondaEnv(CondaCache.groovy:219)
	at java.base/jdk.internal.reflect.NativeMethodAccessorImpl.invoke0(Native Method)
	at java.base/jdk.internal.reflect.NativeMethodAccessorImpl.invoke(NativeMethodAccessorImpl.java:62)
	at java.base/jdk.internal.reflect.DelegatingMethodAccessorImpl.invoke(DelegatingMethodAccessorImpl.java:43)
	at java.base/java.lang.reflect.Method.invoke(Method.java:566)
	at org.codehaus.groovy.reflection.CachedMethod.invoke(CachedMethod.java:101)
	at groovy.lang.MetaMethod.doMethodInvoke(MetaMethod.java:323)
	at groovy.lang.MetaClassImpl.invokeMethod(MetaClassImpl.java:1217)
	at groovy.lang.MetaClassImpl.invokeMethod(MetaClassImpl.java:1041)
	at org.codehaus.groovy.runtime.InvokerHelper.invokePogoMethod(InvokerHelper.java:1011)
	at org.codehaus.groovy.runtime.InvokerHelper.invokeMethod(InvokerHelper.java:994)
	at org.codehaus.groovy.runtime.InvokerHelper.invokeMethodSafe(InvokerHelper.java:97)
	at nextflow.conda.CondaCache$_getLazyImagePath_closure2.doCall(CondaCache.groovy:310)
	at nextflow.conda.CondaCache$_getLazyImagePath_closure2.call(CondaCache.groovy)
	at groovyx.gpars.dataflow.LazyDataflowVariable$1.run(LazyDataflowVariable.java:70)
	... 3 common frames omitted
Mar-26 14:12:37.642 [Actor Thread 9] DEBUG nextflow.Session - Session aborted -- Cause: java.lang.IllegalStateException: Failed to create Conda environment
  command: conda create --mkdir --yes --quiet --prefix /home/barry/Desktop/circTCGA/work/conda/env-8ebbce5246db2db62e682fb582439918 circexplorer2
  status : 1
  message:
    PackagesNotFoundError: The following packages are not available from current channels:
    
      - circexplorer2
    
    Current channels:
    
      - https://repo.anaconda.com/pkgs/main/linux-64
      - https://repo.anaconda.com/pkgs/main/noarch
      - https://repo.anaconda.com/pkgs/r/linux-64
      - https://repo.anaconda.com/pkgs/r/noarch
    
    To search for alternate channels that may provide the conda package you're
    looking for, navigate to
    
        https://anaconda.org
    
    and use the search bar at the top of the page.

Mar-26 14:12:37.658 [Actor Thread 9] DEBUG nextflow.Session - The following nodes are still active:
[process] circexp_dl
  status=ACTIVE
  port 0: (cntrl) -     ; channel: $

Mar-26 14:12:37.660 [main] DEBUG nextflow.Session - Session await > all process finished
Mar-26 14:12:37.660 [main] DEBUG nextflow.Session - Session await > all barriers passed
Mar-26 14:12:37.665 [main] WARN  n.processor.TaskPollingMonitor - Killing pending tasks (2)
Mar-26 14:12:37.679 [main] DEBUG nextflow.trace.StatsObserver - Workflow completed > WorkflowStats[succeedCount=0; failedCount=2; ignoredCount=0; cachedCount=0; succeedDuration=0ms; failedDuration=0ms; cachedDuration=0ms]
Mar-26 14:12:37.852 [main] DEBUG nextflow.CacheDB - Closing CacheDB done
Mar-26 14:12:37.866 [main] DEBUG nextflow.script.ScriptRunner - > Execution complete -- Goodbye
